<?xml version="1.0" encoding="UTF-8"?>
<TestRun id="66719129-3305-4132-bb59-a5da0953916f" name="computerlab@LAB227-PC07 2012-04-23 19:46:14" runUser="LAB227-PC07\computerlab" xmlns="http://microsoft.com/schemas/VisualStudio/TeamTest/2010">
  <TestSettings name="Local" id="80f8ab4c-729f-41ac-999b-41137eb9942e">
    <Description>These are default test settings for a local test run.</Description>
    <Deployment enabled="false" runDeploymentRoot="computerlab_LAB227-PC07 2012-04-23 19_46_14">
      <DeploymentItem filename="C:\netmvc\Q1\PhoneEntrySolution\PhoneEntrySolution\web\bin\web.dll" />
    </Deployment>
    <Execution>
      <TestTypeSpecific />
      <AgentRule name="Execution Agents">
      </AgentRule>
    </Execution>
  </TestSettings>
  <Times creation="2012-04-23T19:46:14.1184394-04:00" queuing="2012-04-23T19:46:14.1604418-04:00" start="2012-04-23T19:46:14.1654421-04:00" finish="2012-04-23T19:46:14.3874548-04:00" />
  <ResultSummary outcome="Failed">
    <Counters total="5" executed="5" passed="4" error="0" failed="1" timeout="0" aborted="0" inconclusive="0" passedButRunAborted="0" notRunnable="0" notExecuted="0" disconnected="0" warning="0" completed="0" inProgress="0" pending="0" />
  </ResultSummary>
  <TestDefinitions>
    <UnitTest name="TestMethod1" storage="c:\netmvc\q1\phoneentrysolution\phoneentrysolution\phoneentrytest\bin\debug\phoneentrytest.dll" id="a59297ee-c1ed-32db-a339-cc74913a79c8">
      <Execution id="78746dac-d586-4ab1-85c3-cce235076dad" />
      <TestMethod codeBase="C:/netmvc/Q1/PhoneEntrySolution/PhoneEntrySolution/PhoneEntryTest/bin/Debug/PhoneEntryTest.DLL" adapterTypeName="Microsoft.VisualStudio.TestTools.TestTypes.Unit.UnitTestAdapter, Microsoft.VisualStudio.QualityTools.Tips.UnitTest.Adapter, Version=10.0.0.0, Culture=neutral, PublicKeyToken=b03f5f7f11d50a3a" className="PhoneEntryTest.PhoneEntriesViewModelUnitTest, PhoneEntryTest, Version=1.0.0.0, Culture=neutral, PublicKeyToken=null" name="TestMethod1" />
    </UnitTest>
    <UnitTest name="AvailableTypesIsWorking" storage="c:\netmvc\q1\phoneentrysolution\phoneentrysolution\phoneentrytest\bin\debug\phoneentrytest.dll" id="23441913-083e-1afa-4d33-8049df74a21d">
      <Execution id="45fb2886-222d-476a-9a78-30430226239d" />
      <TestMethod codeBase="C:/netmvc/Q1/PhoneEntrySolution/PhoneEntrySolution/PhoneEntryTest/bin/Debug/PhoneEntryTest.DLL" adapterTypeName="Microsoft.VisualStudio.TestTools.TestTypes.Unit.UnitTestAdapter, Microsoft.VisualStudio.QualityTools.Tips.UnitTest.Adapter, Version=10.0.0.0, Culture=neutral, PublicKeyToken=b03f5f7f11d50a3a" className="PhoneEntryTest.PhoneEntriesViewModelUnitTest, PhoneEntryTest, Version=1.0.0.0, Culture=neutral, PublicKeyToken=null" name="AvailableTypesIsWorking" />
    </UnitTest>
    <UnitTest name="ModelIsNotNull" storage="c:\netmvc\q1\phoneentrysolution\phoneentrysolution\phoneentrytest\bin\debug\phoneentrytest.dll" id="76e9c657-06ae-9052-fc41-56a70fef3b9b">
      <Execution id="46284c37-1842-4291-b96e-ad03f38960eb" />
      <TestMethod codeBase="C:/netmvc/Q1/PhoneEntrySolution/PhoneEntrySolution/PhoneEntryTest/bin/Debug/PhoneEntryTest.DLL" adapterTypeName="Microsoft.VisualStudio.TestTools.TestTypes.Unit.UnitTestAdapter, Microsoft.VisualStudio.QualityTools.Tips.UnitTest.Adapter, Version=10.0.0.0, Culture=neutral, PublicKeyToken=b03f5f7f11d50a3a" className="PhoneEntryTest.PhoneEntriesViewModelUnitTest, PhoneEntryTest, Version=1.0.0.0, Culture=neutral, PublicKeyToken=null" name="ModelIsNotNull" />
    </UnitTest>
    <UnitTest name="AllTypesMethodIsWorking" storage="c:\netmvc\q1\phoneentrysolution\phoneentrysolution\phoneentrytest\bin\debug\phoneentrytest.dll" id="4d58af65-cf26-d4fe-b67e-7bb96bd83311">
      <Execution id="2347d897-f24f-4844-a767-224331dcc90b" />
      <TestMethod codeBase="C:/netmvc/Q1/PhoneEntrySolution/PhoneEntrySolution/PhoneEntryTest/bin/Debug/PhoneEntryTest.DLL" adapterTypeName="Microsoft.VisualStudio.TestTools.TestTypes.Unit.UnitTestAdapter, Microsoft.VisualStudio.QualityTools.Tips.UnitTest.Adapter, Version=10.0.0.0, Culture=neutral, PublicKeyToken=b03f5f7f11d50a3a" className="PhoneEntryTest.PhoneEntriesViewModelUnitTest, PhoneEntryTest, Version=1.0.0.0, Culture=neutral, PublicKeyToken=null" name="AllTypesMethodIsWorking" />
    </UnitTest>
    <UnitTest name="UsedTypeMethodIsReturningCorrectValues" storage="c:\netmvc\q1\phoneentrysolution\phoneentrysolution\phoneentrytest\bin\debug\phoneentrytest.dll" id="eba0d83a-71dd-c905-febe-eba7df0b1ca8">
      <Execution id="41373623-3471-401d-bbc4-4370430dae37" />
      <TestMethod codeBase="C:/netmvc/Q1/PhoneEntrySolution/PhoneEntrySolution/PhoneEntryTest/bin/Debug/PhoneEntryTest.DLL" adapterTypeName="Microsoft.VisualStudio.TestTools.TestTypes.Unit.UnitTestAdapter, Microsoft.VisualStudio.QualityTools.Tips.UnitTest.Adapter, Version=10.0.0.0, Culture=neutral, PublicKeyToken=b03f5f7f11d50a3a" className="PhoneEntryTest.PhoneEntriesViewModelUnitTest, PhoneEntryTest, Version=1.0.0.0, Culture=neutral, PublicKeyToken=null" name="UsedTypeMethodIsReturningCorrectValues" />
    </UnitTest>
  </TestDefinitions>
  <TestLists>
    <TestList name="Results Not in a List" id="8c84fa94-04c1-424b-9868-57a2d4851a1d" />
    <TestList name="All Loaded Results" id="19431567-8539-422a-85d7-44ee4e166bda" />
  </TestLists>
  <TestEntries>
    <TestEntry testId="23441913-083e-1afa-4d33-8049df74a21d" executionId="45fb2886-222d-476a-9a78-30430226239d" testListId="8c84fa94-04c1-424b-9868-57a2d4851a1d" />
    <TestEntry testId="4d58af65-cf26-d4fe-b67e-7bb96bd83311" executionId="2347d897-f24f-4844-a767-224331dcc90b" testListId="8c84fa94-04c1-424b-9868-57a2d4851a1d" />
    <TestEntry testId="76e9c657-06ae-9052-fc41-56a70fef3b9b" executionId="46284c37-1842-4291-b96e-ad03f38960eb" testListId="8c84fa94-04c1-424b-9868-57a2d4851a1d" />
    <TestEntry testId="a59297ee-c1ed-32db-a339-cc74913a79c8" executionId="78746dac-d586-4ab1-85c3-cce235076dad" testListId="8c84fa94-04c1-424b-9868-57a2d4851a1d" />
    <TestEntry testId="eba0d83a-71dd-c905-febe-eba7df0b1ca8" executionId="41373623-3471-401d-bbc4-4370430dae37" testListId="8c84fa94-04c1-424b-9868-57a2d4851a1d" />
  </TestEntries>
  <Results>
    <UnitTestResult executionId="45fb2886-222d-476a-9a78-30430226239d" testId="23441913-083e-1afa-4d33-8049df74a21d" testName="AvailableTypesIsWorking" computerName="LAB227-PC07" duration="00:00:00.0323440" startTime="2012-04-23T19:46:14.1684422-04:00" endTime="2012-04-23T19:46:14.3544529-04:00" testType="13cdc9d9-ddb5-4fa4-a97d-d965ccfc6d4b" outcome="Failed" testListId="8c84fa94-04c1-424b-9868-57a2d4851a1d" relativeResultsDirectory="45fb2886-222d-476a-9a78-30430226239d">
      <Output>
        <ErrorInfo>
          <Message>Test method PhoneEntryTest.PhoneEntriesViewModelUnitTest.AvailableTypesIsWorking threw exception: 
System.NullReferenceException: Object reference not set to an instance of an object.</Message>
          <StackTrace>    at PhoneEntryTest.PhoneEntriesViewModelUnitTest.AvailableTypesIsWorking() in C:\netmvc\Q1\PhoneEntrySolution\PhoneEntrySolution\PhoneEntryTest\PhoneEntriesViewModelUnitTest.cs:line 52
</StackTrace>
        </ErrorInfo>
      </Output>
    </UnitTestResult>
    <UnitTestResult executionId="2347d897-f24f-4844-a767-224331dcc90b" testId="4d58af65-cf26-d4fe-b67e-7bb96bd83311" testName="AllTypesMethodIsWorking" computerName="LAB227-PC07" duration="00:00:00.0003252" startTime="2012-04-23T19:46:14.3564530-04:00" endTime="2012-04-23T19:46:14.3594532-04:00" testType="13cdc9d9-ddb5-4fa4-a97d-d965ccfc6d4b" outcome="Passed" testListId="8c84fa94-04c1-424b-9868-57a2d4851a1d" relativeResultsDirectory="2347d897-f24f-4844-a767-224331dcc90b">
    </UnitTestResult>
    <UnitTestResult executionId="46284c37-1842-4291-b96e-ad03f38960eb" testId="76e9c657-06ae-9052-fc41-56a70fef3b9b" testName="ModelIsNotNull" computerName="LAB227-PC07" duration="00:00:00.0001458" startTime="2012-04-23T19:46:14.3614533-04:00" endTime="2012-04-23T19:46:14.3634534-04:00" testType="13cdc9d9-ddb5-4fa4-a97d-d965ccfc6d4b" outcome="Passed" testListId="8c84fa94-04c1-424b-9868-57a2d4851a1d" relativeResultsDirectory="46284c37-1842-4291-b96e-ad03f38960eb">
    </UnitTestResult>
    <UnitTestResult executionId="78746dac-d586-4ab1-85c3-cce235076dad" testId="a59297ee-c1ed-32db-a339-cc74913a79c8" testName="TestMethod1" computerName="LAB227-PC07" duration="00:00:00.0001023" startTime="2012-04-23T19:46:14.3644534-04:00" endTime="2012-04-23T19:46:14.3664536-04:00" testType="13cdc9d9-ddb5-4fa4-a97d-d965ccfc6d4b" outcome="Passed" testListId="8c84fa94-04c1-424b-9868-57a2d4851a1d" relativeResultsDirectory="78746dac-d586-4ab1-85c3-cce235076dad">
    </UnitTestResult>
    <UnitTestResult executionId="41373623-3471-401d-bbc4-4370430dae37" testId="eba0d83a-71dd-c905-febe-eba7df0b1ca8" testName="UsedTypeMethodIsReturningCorrectValues" computerName="LAB227-PC07" duration="00:00:00.0048016" startTime="2012-04-23T19:46:14.3684537-04:00" endTime="2012-04-23T19:46:14.3754541-04:00" testType="13cdc9d9-ddb5-4fa4-a97d-d965ccfc6d4b" outcome="Passed" testListId="8c84fa94-04c1-424b-9868-57a2d4851a1d" relativeResultsDirectory="41373623-3471-401d-bbc4-4370430dae37">
    </UnitTestResult>
  </Results>
</TestRun>