<?xml version="1.0" encoding="UTF-8"?>
<TestRun id="632d38a0-1366-496b-bfd0-16149a0a5477" name="computerlab@LAB227-INSTRUCT 2012-04-23 19:08:47" runUser="LAB227-INSTRUCT\computerlab" xmlns="http://microsoft.com/schemas/VisualStudio/TeamTest/2010">
  <TestSettings name="Local" id="80f8ab4c-729f-41ac-999b-41137eb9942e">
    <Description>These are default test settings for a local test run.</Description>
    <Deployment enabled="false" runDeploymentRoot="computerlab_LAB227-INSTRUCT 2012-04-23 19_08_47" />
    <Execution>
      <TestTypeSpecific />
      <AgentRule name="Execution Agents">
      </AgentRule>
    </Execution>
  </TestSettings>
  <Times creation="2012-04-23T19:08:47.9351317-04:00" queuing="2012-04-23T19:08:47.9691337-04:00" start="2012-04-23T19:08:47.9731339-04:00" finish="2012-04-23T19:08:48.1501440-04:00" />
  <ResultSummary outcome="Completed">
    <Counters total="2" executed="2" passed="2" error="0" failed="0" timeout="0" aborted="0" inconclusive="0" passedButRunAborted="0" notRunnable="0" notExecuted="0" disconnected="0" warning="0" completed="0" inProgress="0" pending="0" />
  </ResultSummary>
  <TestDefinitions>
    <UnitTest name="TestMethod2" storage="c:\phoneentrysolution\phoneentrytest\bin\debug\phoneentrytest.dll" id="85a0992e-c884-d03c-5735-fbc0d87de888">
      <Execution id="dfa59a74-a535-49f4-bf25-4c35f1721799" />
      <TestMethod codeBase="c:/PhoneEntrySolution/PhoneEntryTest/bin/Debug/PhoneEntryTest.DLL" adapterTypeName="Microsoft.VisualStudio.TestTools.TestTypes.Unit.UnitTestAdapter, Microsoft.VisualStudio.QualityTools.Tips.UnitTest.Adapter, Version=10.0.0.0, Culture=neutral, PublicKeyToken=b03f5f7f11d50a3a" className="PhoneEntryTest.PhoneEntriesViewModelUnitTest, PhoneEntryTest, Version=1.0.0.0, Culture=neutral, PublicKeyToken=null" name="TestMethod2" />
    </UnitTest>
    <UnitTest name="TestMethod1" storage="c:\phoneentrysolution\phoneentrytest\bin\debug\phoneentrytest.dll" id="a59297ee-c1ed-32db-a339-cc74913a79c8">
      <Execution id="30e02218-ee5f-43e7-9436-f692eb1b9d94" />
      <TestMethod codeBase="c:/PhoneEntrySolution/PhoneEntryTest/bin/Debug/PhoneEntryTest.DLL" adapterTypeName="Microsoft.VisualStudio.TestTools.TestTypes.Unit.UnitTestAdapter, Microsoft.VisualStudio.QualityTools.Tips.UnitTest.Adapter, Version=10.0.0.0, Culture=neutral, PublicKeyToken=b03f5f7f11d50a3a" className="PhoneEntryTest.PhoneEntriesViewModelUnitTest, PhoneEntryTest, Version=1.0.0.0, Culture=neutral, PublicKeyToken=null" name="TestMethod1" />
    </UnitTest>
  </TestDefinitions>
  <TestLists>
    <TestList name="Results Not in a List" id="8c84fa94-04c1-424b-9868-57a2d4851a1d" />
    <TestList name="All Loaded Results" id="19431567-8539-422a-85d7-44ee4e166bda" />
  </TestLists>
  <TestEntries>
    <TestEntry testId="85a0992e-c884-d03c-5735-fbc0d87de888" executionId="dfa59a74-a535-49f4-bf25-4c35f1721799" testListId="8c84fa94-04c1-424b-9868-57a2d4851a1d" />
    <TestEntry testId="a59297ee-c1ed-32db-a339-cc74913a79c8" executionId="30e02218-ee5f-43e7-9436-f692eb1b9d94" testListId="8c84fa94-04c1-424b-9868-57a2d4851a1d" />
  </TestEntries>
  <Results>
    <UnitTestResult executionId="dfa59a74-a535-49f4-bf25-4c35f1721799" testId="85a0992e-c884-d03c-5735-fbc0d87de888" testName="TestMethod2" computerName="LAB227-INSTRUCT" duration="00:00:00.0108133" startTime="2012-04-23T19:08:47.9761341-04:00" endTime="2012-04-23T19:08:48.1341431-04:00" testType="13cdc9d9-ddb5-4fa4-a97d-d965ccfc6d4b" outcome="Passed" testListId="8c84fa94-04c1-424b-9868-57a2d4851a1d" relativeResultsDirectory="dfa59a74-a535-49f4-bf25-4c35f1721799">
    </UnitTestResult>
    <UnitTestResult executionId="30e02218-ee5f-43e7-9436-f692eb1b9d94" testId="a59297ee-c1ed-32db-a339-cc74913a79c8" testName="TestMethod1" computerName="LAB227-INSTRUCT" duration="00:00:00.0001116" startTime="2012-04-23T19:08:48.1361432-04:00" endTime="2012-04-23T19:08:48.1391434-04:00" testType="13cdc9d9-ddb5-4fa4-a97d-d965ccfc6d4b" outcome="Passed" testListId="8c84fa94-04c1-424b-9868-57a2d4851a1d" relativeResultsDirectory="30e02218-ee5f-43e7-9436-f692eb1b9d94">
    </UnitTestResult>
  </Results>
</TestRun>