<?xml version="1.0" encoding="UTF-8"?>
<TestRun id="d7502d5a-c327-40f7-aa1f-78eabc7114a0" name="computerlab@LAB227-PC07 2012-05-02 21:24:16" runUser="LAB227-PC07\computerlab" xmlns="http://microsoft.com/schemas/VisualStudio/TeamTest/2010">
  <TestSettings name="Local" id="20723483-a981-4561-bfbd-53d0e2f55521">
    <Description>These are default test settings for a local test run.</Description>
    <Deployment enabled="false" runDeploymentRoot="computerlab_LAB227-PC07 2012-05-02 21_24_16">
      <DeploymentItem filename="C:\netmvc\Q2\SportsStoreSolution\SportsStoreSolution\packages\Moq.4.0.10827\lib\NET40\Moq.dll" />
      <DeploymentItem filename="C:\netmvc\Q2\SportsStoreSolution\SportsStoreSolution\SportsStore.WebUI\bin\SportsStore.WebUI.dll" />
      <DeploymentItem filename="C:\netmvc\Q2\SportsStoreSolution\SportsStoreSolution\SportsStore.Domain\bin\Debug\SportsStore.Domain.dll" />
      <DeploymentItem filename="C:\netmvc\Q2\SportsStoreSolution\SportsStoreSolution\packages\Ninject.3.0.0.15\lib\net40\Ninject.dll" />
    </Deployment>
    <Execution>
      <TestTypeSpecific />
      <AgentRule name="Execution Agents">
      </AgentRule>
    </Execution>
  </TestSettings>
  <Times creation="2012-05-02T21:24:16.7136458-04:00" queuing="2012-05-02T21:24:16.7686490-04:00" start="2012-05-02T21:24:16.7726492-04:00" finish="2012-05-02T21:24:17.2616772-04:00" />
  <ResultSummary outcome="Completed">
    <Counters total="1" executed="1" passed="1" error="0" failed="0" timeout="0" aborted="0" inconclusive="0" passedButRunAborted="0" notRunnable="0" notExecuted="0" disconnected="0" warning="0" completed="0" inProgress="0" pending="0" />
  </ResultSummary>
  <TestDefinitions>
    <UnitTest name="Can_Create_Correct_PageViewModel" storage="c:\netmvc\q2\sportsstoresolution\sportsstoresolution\sportsstore.unittests\bin\debug\sportsstore.unittests.dll" id="949f34ed-e8bc-1204-2647-4db5187ae69a">
      <Execution id="346a0e25-ee25-4c45-a127-3b03b312b6d8" />
      <TestMethod codeBase="C:/netmvc/Q2/SportsStoreSolution/SportsStoreSolution/SportsStore.UnitTests/bin/Debug/SportsStore.UnitTests.DLL" adapterTypeName="Microsoft.VisualStudio.TestTools.TestTypes.Unit.UnitTestAdapter, Microsoft.VisualStudio.QualityTools.Tips.UnitTest.Adapter, Version=10.0.0.0, Culture=neutral, PublicKeyToken=b03f5f7f11d50a3a" className="SportsStore.UnitTests.ProductControllerUnitTest, SportsStore.UnitTests, Version=1.0.0.0, Culture=neutral, PublicKeyToken=null" name="Can_Create_Correct_PageViewModel" />
    </UnitTest>
  </TestDefinitions>
  <TestLists>
    <TestList name="Results Not in a List" id="8c84fa94-04c1-424b-9868-57a2d4851a1d" />
    <TestList name="All Loaded Results" id="19431567-8539-422a-85d7-44ee4e166bda" />
  </TestLists>
  <TestEntries>
    <TestEntry testId="949f34ed-e8bc-1204-2647-4db5187ae69a" executionId="346a0e25-ee25-4c45-a127-3b03b312b6d8" testListId="8c84fa94-04c1-424b-9868-57a2d4851a1d" />
  </TestEntries>
  <Results>
    <UnitTestResult executionId="346a0e25-ee25-4c45-a127-3b03b312b6d8" testId="949f34ed-e8bc-1204-2647-4db5187ae69a" testName="Can_Create_Correct_PageViewModel" computerName="LAB227-PC07" duration="00:00:00.1670735" startTime="2012-05-02T21:24:16.7756494-04:00" endTime="2012-05-02T21:24:17.0926675-04:00" testType="13cdc9d9-ddb5-4fa4-a97d-d965ccfc6d4b" outcome="Passed" testListId="8c84fa94-04c1-424b-9868-57a2d4851a1d" relativeResultsDirectory="346a0e25-ee25-4c45-a127-3b03b312b6d8">
    </UnitTestResult>
  </Results>
</TestRun>