<?xml version="1.0" encoding="UTF-8"?>
<TestRun id="b6574a57-204e-45eb-946e-d1616c896ea2" name="computerlab@LAB227-PC07 2012-05-02 21:18:25" runUser="LAB227-PC07\computerlab" xmlns="http://microsoft.com/schemas/VisualStudio/TeamTest/2010">
  <TestSettings name="Local" id="20723483-a981-4561-bfbd-53d0e2f55521">
    <Description>These are default test settings for a local test run.</Description>
    <Deployment enabled="false" runDeploymentRoot="computerlab_LAB227-PC07 2012-05-02 21_18_25">
      <DeploymentItem filename="C:\netmvc\Q2\SportsStoreSolution\SportsStoreSolution\packages\Moq.4.0.10827\lib\NET40\Moq.dll" />
      <DeploymentItem filename="C:\netmvc\Q2\SportsStoreSolution\SportsStoreSolution\SportsStore.WebUI\bin\SportsStore.WebUI.dll" />
      <DeploymentItem filename="C:\netmvc\Q2\SportsStoreSolution\SportsStoreSolution\SportsStore.Domain\bin\Debug\SportsStore.Domain.dll" />
      <DeploymentItem filename="C:\netmvc\Q2\SportsStoreSolution\SportsStoreSolution\packages\Ninject.3.0.0.15\lib\net40\Ninject.dll" />
    </Deployment>
    <Execution>
      <TestTypeSpecific />
      <AgentRule name="Execution Agents">
      </AgentRule>
    </Execution>
  </TestSettings>
  <Times creation="2012-05-02T21:18:25.1855396-04:00" queuing="2012-05-02T21:18:25.2295421-04:00" start="2012-05-02T21:18:25.2335423-04:00" finish="2012-05-02T21:18:25.6905685-04:00" />
  <ResultSummary outcome="Failed">
    <Counters total="2" executed="2" passed="1" error="0" failed="1" timeout="0" aborted="0" inconclusive="0" passedButRunAborted="0" notRunnable="0" notExecuted="0" disconnected="0" warning="0" completed="0" inProgress="0" pending="0" />
  </ResultSummary>
  <TestDefinitions>
    <UnitTest name="Can_Paginate" storage="c:\netmvc\q2\sportsstoresolution\sportsstoresolution\sportsstore.unittests\bin\debug\sportsstore.unittests.dll" id="b361033d-95ed-0fa9-3351-ef86cb3e47f2">
      <Execution id="daca102d-1da8-4692-bb38-1164e4f8f969" />
      <TestMethod codeBase="C:/netmvc/Q2/SportsStoreSolution/SportsStoreSolution/SportsStore.UnitTests/bin/Debug/SportsStore.UnitTests.DLL" adapterTypeName="Microsoft.VisualStudio.TestTools.TestTypes.Unit.UnitTestAdapter, Microsoft.VisualStudio.QualityTools.Tips.UnitTest.Adapter, Version=10.0.0.0, Culture=neutral, PublicKeyToken=b03f5f7f11d50a3a" className="SportsStore.UnitTests.ProductControllerUnitTest, SportsStore.UnitTests, Version=1.0.0.0, Culture=neutral, PublicKeyToken=null" name="Can_Paginate" />
    </UnitTest>
    <UnitTest name="Can_Create_Page_Links" storage="c:\netmvc\q2\sportsstoresolution\sportsstoresolution\sportsstore.unittests\bin\debug\sportsstore.unittests.dll" id="a421d1a1-b1b4-c4c5-ded8-857e306ec449">
      <Execution id="b138b3bc-edf2-40c7-a755-8a017329bcdc" />
      <TestMethod codeBase="C:/netmvc/Q2/SportsStoreSolution/SportsStoreSolution/SportsStore.UnitTests/bin/Debug/SportsStore.UnitTests.DLL" adapterTypeName="Microsoft.VisualStudio.TestTools.TestTypes.Unit.UnitTestAdapter, Microsoft.VisualStudio.QualityTools.Tips.UnitTest.Adapter, Version=10.0.0.0, Culture=neutral, PublicKeyToken=b03f5f7f11d50a3a" className="SportsStore.UnitTests.ProductControllerUnitTest, SportsStore.UnitTests, Version=1.0.0.0, Culture=neutral, PublicKeyToken=null" name="Can_Create_Page_Links" />
    </UnitTest>
  </TestDefinitions>
  <TestLists>
    <TestList name="Results Not in a List" id="8c84fa94-04c1-424b-9868-57a2d4851a1d" />
    <TestList name="All Loaded Results" id="19431567-8539-422a-85d7-44ee4e166bda" />
  </TestLists>
  <TestEntries>
    <TestEntry testId="a421d1a1-b1b4-c4c5-ded8-857e306ec449" executionId="b138b3bc-edf2-40c7-a755-8a017329bcdc" testListId="8c84fa94-04c1-424b-9868-57a2d4851a1d" />
    <TestEntry testId="b361033d-95ed-0fa9-3351-ef86cb3e47f2" executionId="daca102d-1da8-4692-bb38-1164e4f8f969" testListId="8c84fa94-04c1-424b-9868-57a2d4851a1d" />
  </TestEntries>
  <Results>
    <UnitTestResult executionId="b138b3bc-edf2-40c7-a755-8a017329bcdc" testId="a421d1a1-b1b4-c4c5-ded8-857e306ec449" testName="Can_Create_Page_Links" computerName="LAB227-PC07" duration="00:00:00.0221008" startTime="2012-05-02T21:18:25.2365425-04:00" endTime="2012-05-02T21:18:25.4135526-04:00" testType="13cdc9d9-ddb5-4fa4-a97d-d965ccfc6d4b" outcome="Passed" testListId="8c84fa94-04c1-424b-9868-57a2d4851a1d" relativeResultsDirectory="b138b3bc-edf2-40c7-a755-8a017329bcdc">
    </UnitTestResult>
    <UnitTestResult executionId="daca102d-1da8-4692-bb38-1164e4f8f969" testId="b361033d-95ed-0fa9-3351-ef86cb3e47f2" testName="Can_Paginate" computerName="LAB227-PC07" duration="00:00:00.2524025" startTime="2012-05-02T21:18:25.4145527-04:00" endTime="2012-05-02T21:18:25.6695673-04:00" testType="13cdc9d9-ddb5-4fa4-a97d-d965ccfc6d4b" outcome="Failed" testListId="8c84fa94-04c1-424b-9868-57a2d4851a1d" relativeResultsDirectory="daca102d-1da8-4692-bb38-1164e4f8f969">
      <Output>
        <ErrorInfo>
          <Message>Test method SportsStore.UnitTests.ProductControllerUnitTest.Can_Paginate threw exception: 
System.ArgumentNullException: Value cannot be null.
Parameter name: source</Message>
          <StackTrace>    at System.Linq.Enumerable.Count[TSource](IEnumerable`1 source)
   at SportsStore.UnitTests.ProductControllerUnitTest.Can_Paginate() in C:\netmvc\Q2\SportsStoreSolution\SportsStoreSolution\SportsStore.UnitTests\ProductControllerUnitTest.cs:line 37
</StackTrace>
        </ErrorInfo>
      </Output>
    </UnitTestResult>
  </Results>
</TestRun>