<?xml version="1.0" encoding="UTF-8"?>
<TestRun id="09ceb6d2-55e2-4aac-b009-e842ac72854a" name="computerlab@LAB227-PC07 2012-05-02 21:24:25" runUser="LAB227-PC07\computerlab" xmlns="http://microsoft.com/schemas/VisualStudio/TeamTest/2010">
  <TestSettings name="Local" id="20723483-a981-4561-bfbd-53d0e2f55521">
    <Description>These are default test settings for a local test run.</Description>
    <Deployment enabled="false" runDeploymentRoot="computerlab_LAB227-PC07 2012-05-02 21_24_25">
      <DeploymentItem filename="C:\netmvc\Q2\SportsStoreSolution\SportsStoreSolution\packages\Moq.4.0.10827\lib\NET40\Moq.dll" />
      <DeploymentItem filename="C:\netmvc\Q2\SportsStoreSolution\SportsStoreSolution\SportsStore.WebUI\bin\SportsStore.WebUI.dll" />
      <DeploymentItem filename="C:\netmvc\Q2\SportsStoreSolution\SportsStoreSolution\SportsStore.Domain\bin\Debug\SportsStore.Domain.dll" />
      <DeploymentItem filename="C:\netmvc\Q2\SportsStoreSolution\SportsStoreSolution\packages\Ninject.3.0.0.15\lib\net40\Ninject.dll" />
    </Deployment>
    <Execution>
      <TestTypeSpecific />
      <AgentRule name="Execution Agents">
      </AgentRule>
    </Execution>
  </TestSettings>
  <Times creation="2012-05-02T21:24:25.1791300-04:00" queuing="2012-05-02T21:24:25.2411336-04:00" start="2012-05-02T21:24:25.2461339-04:00" finish="2012-05-02T21:24:25.6271557-04:00" />
  <ResultSummary outcome="Completed">
    <Counters total="3" executed="3" passed="3" error="0" failed="0" timeout="0" aborted="0" inconclusive="0" passedButRunAborted="0" notRunnable="0" notExecuted="0" disconnected="0" warning="0" completed="0" inProgress="0" pending="0" />
  </ResultSummary>
  <TestDefinitions>
    <UnitTest name="Can_Paginate" storage="c:\netmvc\q2\sportsstoresolution\sportsstoresolution\sportsstore.unittests\bin\debug\sportsstore.unittests.dll" id="b361033d-95ed-0fa9-3351-ef86cb3e47f2">
      <Execution id="d70072e0-15bd-41fd-9060-0b7cb1df5b15" />
      <TestMethod codeBase="C:/netmvc/Q2/SportsStoreSolution/SportsStoreSolution/SportsStore.UnitTests/bin/Debug/SportsStore.UnitTests.DLL" adapterTypeName="Microsoft.VisualStudio.TestTools.TestTypes.Unit.UnitTestAdapter, Microsoft.VisualStudio.QualityTools.Tips.UnitTest.Adapter, Version=10.0.0.0, Culture=neutral, PublicKeyToken=b03f5f7f11d50a3a" className="SportsStore.UnitTests.ProductControllerUnitTest, SportsStore.UnitTests, Version=1.0.0.0, Culture=neutral, PublicKeyToken=null" name="Can_Paginate" />
    </UnitTest>
    <UnitTest name="Can_Create_Page_Links" storage="c:\netmvc\q2\sportsstoresolution\sportsstoresolution\sportsstore.unittests\bin\debug\sportsstore.unittests.dll" id="a421d1a1-b1b4-c4c5-ded8-857e306ec449">
      <Execution id="4ec118f7-1466-499c-b787-01a2fb97d3a0" />
      <TestMethod codeBase="C:/netmvc/Q2/SportsStoreSolution/SportsStoreSolution/SportsStore.UnitTests/bin/Debug/SportsStore.UnitTests.DLL" adapterTypeName="Microsoft.VisualStudio.TestTools.TestTypes.Unit.UnitTestAdapter, Microsoft.VisualStudio.QualityTools.Tips.UnitTest.Adapter, Version=10.0.0.0, Culture=neutral, PublicKeyToken=b03f5f7f11d50a3a" className="SportsStore.UnitTests.ProductControllerUnitTest, SportsStore.UnitTests, Version=1.0.0.0, Culture=neutral, PublicKeyToken=null" name="Can_Create_Page_Links" />
    </UnitTest>
    <UnitTest name="Can_Create_Correct_PageViewModel" storage="c:\netmvc\q2\sportsstoresolution\sportsstoresolution\sportsstore.unittests\bin\debug\sportsstore.unittests.dll" id="949f34ed-e8bc-1204-2647-4db5187ae69a">
      <Execution id="fe7f1fb3-459d-4151-98dd-cfefe6308c47" />
      <TestMethod codeBase="C:/netmvc/Q2/SportsStoreSolution/SportsStoreSolution/SportsStore.UnitTests/bin/Debug/SportsStore.UnitTests.DLL" adapterTypeName="Microsoft.VisualStudio.TestTools.TestTypes.Unit.UnitTestAdapter, Microsoft.VisualStudio.QualityTools.Tips.UnitTest.Adapter, Version=10.0.0.0, Culture=neutral, PublicKeyToken=b03f5f7f11d50a3a" className="SportsStore.UnitTests.ProductControllerUnitTest, SportsStore.UnitTests, Version=1.0.0.0, Culture=neutral, PublicKeyToken=null" name="Can_Create_Correct_PageViewModel" />
    </UnitTest>
  </TestDefinitions>
  <TestLists>
    <TestList name="Results Not in a List" id="8c84fa94-04c1-424b-9868-57a2d4851a1d" />
    <TestList name="All Loaded Results" id="19431567-8539-422a-85d7-44ee4e166bda" />
  </TestLists>
  <TestEntries>
    <TestEntry testId="949f34ed-e8bc-1204-2647-4db5187ae69a" executionId="fe7f1fb3-459d-4151-98dd-cfefe6308c47" testListId="8c84fa94-04c1-424b-9868-57a2d4851a1d" />
    <TestEntry testId="a421d1a1-b1b4-c4c5-ded8-857e306ec449" executionId="4ec118f7-1466-499c-b787-01a2fb97d3a0" testListId="8c84fa94-04c1-424b-9868-57a2d4851a1d" />
    <TestEntry testId="b361033d-95ed-0fa9-3351-ef86cb3e47f2" executionId="d70072e0-15bd-41fd-9060-0b7cb1df5b15" testListId="8c84fa94-04c1-424b-9868-57a2d4851a1d" />
  </TestEntries>
  <Results>
    <UnitTestResult executionId="fe7f1fb3-459d-4151-98dd-cfefe6308c47" testId="949f34ed-e8bc-1204-2647-4db5187ae69a" testName="Can_Create_Correct_PageViewModel" computerName="LAB227-PC07" duration="00:00:00.1625086" startTime="2012-05-02T21:24:25.2501341-04:00" endTime="2012-05-02T21:24:25.5701524-04:00" testType="13cdc9d9-ddb5-4fa4-a97d-d965ccfc6d4b" outcome="Passed" testListId="8c84fa94-04c1-424b-9868-57a2d4851a1d" relativeResultsDirectory="fe7f1fb3-459d-4151-98dd-cfefe6308c47">
    </UnitTestResult>
    <UnitTestResult executionId="4ec118f7-1466-499c-b787-01a2fb97d3a0" testId="a421d1a1-b1b4-c4c5-ded8-857e306ec449" testName="Can_Create_Page_Links" computerName="LAB227-PC07" duration="00:00:00.0025529" startTime="2012-05-02T21:24:25.5721525-04:00" endTime="2012-05-02T21:24:25.5771528-04:00" testType="13cdc9d9-ddb5-4fa4-a97d-d965ccfc6d4b" outcome="Passed" testListId="8c84fa94-04c1-424b-9868-57a2d4851a1d" relativeResultsDirectory="4ec118f7-1466-499c-b787-01a2fb97d3a0">
    </UnitTestResult>
    <UnitTestResult executionId="d70072e0-15bd-41fd-9060-0b7cb1df5b15" testId="b361033d-95ed-0fa9-3351-ef86cb3e47f2" testName="Can_Paginate" computerName="LAB227-PC07" duration="00:00:00.0036392" startTime="2012-05-02T21:24:25.5781529-04:00" endTime="2012-05-02T21:24:25.5841532-04:00" testType="13cdc9d9-ddb5-4fa4-a97d-d965ccfc6d4b" outcome="Passed" testListId="8c84fa94-04c1-424b-9868-57a2d4851a1d" relativeResultsDirectory="d70072e0-15bd-41fd-9060-0b7cb1df5b15">
    </UnitTestResult>
  </Results>
</TestRun>