<?xml version="1.0" encoding="UTF-8"?>
<TestRun id="e43dabaa-1c8e-4d6e-9efb-12adf81a1311" name="computerlab@LAB227-INSTRUCT 2012-04-23 19:48:29" runUser="LAB227-INSTRUCT\computerlab" xmlns="http://microsoft.com/schemas/VisualStudio/TeamTest/2010">
  <TestSettings name="Local" id="80f8ab4c-729f-41ac-999b-41137eb9942e">
    <Description>These are default test settings for a local test run.</Description>
    <Deployment enabled="false" runDeploymentRoot="computerlab_LAB227-INSTRUCT 2012-04-23 19_48_29">
      <DeploymentItem filename="C:\PhoneEntrySolution\web\bin\web.dll" />
    </Deployment>
    <Execution>
      <TestTypeSpecific />
      <AgentRule name="Execution Agents">
      </AgentRule>
    </Execution>
  </TestSettings>
  <Times creation="2012-04-23T19:48:29.0883259-04:00" queuing="2012-04-23T19:48:29.1523295-04:00" start="2012-04-23T19:48:29.1573298-04:00" finish="2012-04-23T19:48:29.3783425-04:00" />
  <ResultSummary outcome="Completed">
    <Counters total="1" executed="1" passed="1" error="0" failed="0" timeout="0" aborted="0" inconclusive="0" passedButRunAborted="0" notRunnable="0" notExecuted="0" disconnected="0" warning="0" completed="0" inProgress="0" pending="0" />
  </ResultSummary>
  <TestDefinitions>
    <UnitTest name="AvailableTypesIsWorking" storage="c:\phoneentrysolution\phoneentrytest\bin\debug\phoneentrytest.dll" id="23441913-083e-1afa-4d33-8049df74a21d">
      <Execution id="8cd578f1-3891-4142-b907-9b39941af6f0" />
      <TestMethod codeBase="C:/PhoneEntrySolution/PhoneEntryTest/bin/Debug/PhoneEntryTest.DLL" adapterTypeName="Microsoft.VisualStudio.TestTools.TestTypes.Unit.UnitTestAdapter, Microsoft.VisualStudio.QualityTools.Tips.UnitTest.Adapter, Version=10.0.0.0, Culture=neutral, PublicKeyToken=b03f5f7f11d50a3a" className="PhoneEntryTest.PhoneEntriesViewModelUnitTest, PhoneEntryTest, Version=1.0.0.0, Culture=neutral, PublicKeyToken=null" name="AvailableTypesIsWorking" />
    </UnitTest>
  </TestDefinitions>
  <TestLists>
    <TestList name="Results Not in a List" id="8c84fa94-04c1-424b-9868-57a2d4851a1d" />
    <TestList name="All Loaded Results" id="19431567-8539-422a-85d7-44ee4e166bda" />
  </TestLists>
  <TestEntries>
    <TestEntry testId="23441913-083e-1afa-4d33-8049df74a21d" executionId="8cd578f1-3891-4142-b907-9b39941af6f0" testListId="8c84fa94-04c1-424b-9868-57a2d4851a1d" />
  </TestEntries>
  <Results>
    <UnitTestResult executionId="8cd578f1-3891-4142-b907-9b39941af6f0" testId="23441913-083e-1afa-4d33-8049df74a21d" testName="AvailableTypesIsWorking" computerName="LAB227-INSTRUCT" duration="00:00:00.0347146" startTime="2012-04-23T19:48:29.1783310-04:00" endTime="2012-04-23T19:48:29.3563412-04:00" testType="13cdc9d9-ddb5-4fa4-a97d-d965ccfc6d4b" outcome="Passed" testListId="8c84fa94-04c1-424b-9868-57a2d4851a1d" relativeResultsDirectory="8cd578f1-3891-4142-b907-9b39941af6f0">
    </UnitTestResult>
  </Results>
</TestRun>