<?xml version="1.0" encoding="UTF-8"?>
<TestRun id="0341a0b6-6235-49c6-a7c5-7203bb46e3bc" name="computerlab@LAB227-INSTRUCT 2012-04-23 19:33:23" runUser="LAB227-INSTRUCT\computerlab" xmlns="http://microsoft.com/schemas/VisualStudio/TeamTest/2010">
  <TestSettings name="Local" id="80f8ab4c-729f-41ac-999b-41137eb9942e">
    <Description>These are default test settings for a local test run.</Description>
    <Deployment enabled="false" runDeploymentRoot="computerlab_LAB227-INSTRUCT 2012-04-23 19_33_23">
      <DeploymentItem filename="C:\PhoneEntrySolution\web\bin\web.dll" />
    </Deployment>
    <Execution>
      <TestTypeSpecific />
      <AgentRule name="Execution Agents">
      </AgentRule>
    </Execution>
  </TestSettings>
  <Times creation="2012-04-23T19:33:23.8045466-04:00" queuing="2012-04-23T19:33:23.8725505-04:00" start="2012-04-23T19:33:23.8765507-04:00" finish="2012-04-23T19:33:24.1475662-04:00" />
  <ResultSummary outcome="Failed">
    <Counters total="1" executed="1" error="0" failed="1" timeout="0" aborted="0" inconclusive="0" passedButRunAborted="0" notRunnable="0" notExecuted="0" disconnected="0" warning="0" passed="0" completed="0" inProgress="0" pending="0" />
  </ResultSummary>
  <TestDefinitions>
    <UnitTest name="AllTypesMethodIsWorking" storage="c:\phoneentrysolution\phoneentrytest\bin\debug\phoneentrytest.dll" id="4d58af65-cf26-d4fe-b67e-7bb96bd83311">
      <Execution id="87e5894c-68bd-4a7b-b9e7-b50c4376c002" />
      <TestMethod codeBase="C:/PhoneEntrySolution/PhoneEntryTest/bin/Debug/PhoneEntryTest.DLL" adapterTypeName="Microsoft.VisualStudio.TestTools.TestTypes.Unit.UnitTestAdapter, Microsoft.VisualStudio.QualityTools.Tips.UnitTest.Adapter, Version=10.0.0.0, Culture=neutral, PublicKeyToken=b03f5f7f11d50a3a" className="PhoneEntryTest.PhoneEntriesViewModelUnitTest, PhoneEntryTest, Version=1.0.0.0, Culture=neutral, PublicKeyToken=null" name="AllTypesMethodIsWorking" />
    </UnitTest>
  </TestDefinitions>
  <TestLists>
    <TestList name="Results Not in a List" id="8c84fa94-04c1-424b-9868-57a2d4851a1d" />
    <TestList name="All Loaded Results" id="19431567-8539-422a-85d7-44ee4e166bda" />
  </TestLists>
  <TestEntries>
    <TestEntry testId="4d58af65-cf26-d4fe-b67e-7bb96bd83311" executionId="87e5894c-68bd-4a7b-b9e7-b50c4376c002" testListId="8c84fa94-04c1-424b-9868-57a2d4851a1d" />
  </TestEntries>
  <Results>
    <UnitTestResult executionId="87e5894c-68bd-4a7b-b9e7-b50c4376c002" testId="4d58af65-cf26-d4fe-b67e-7bb96bd83311" testName="AllTypesMethodIsWorking" computerName="LAB227-INSTRUCT" duration="00:00:00.0630505" startTime="2012-04-23T19:33:23.8795509-04:00" endTime="2012-04-23T19:33:24.0935631-04:00" testType="13cdc9d9-ddb5-4fa4-a97d-d965ccfc6d4b" outcome="Failed" testListId="8c84fa94-04c1-424b-9868-57a2d4851a1d" relativeResultsDirectory="87e5894c-68bd-4a7b-b9e7-b50c4376c002">
      <Output>
        <ErrorInfo>
          <Message>Test method PhoneEntryTest.PhoneEntriesViewModelUnitTest.AllTypesMethodIsWorking threw exception: 
System.NullReferenceException: Object reference not set to an instance of an object.</Message>
          <StackTrace>    at PhoneEntryTest.PhoneEntriesViewModelUnitTest.AllTypesMethodIsWorking() in C:\PhoneEntrySolution\PhoneEntryTest\PhoneEntriesViewModelUnitTest.cs:line 25
</StackTrace>
        </ErrorInfo>
      </Output>
    </UnitTestResult>
  </Results>
</TestRun>