<?xml version="1.0" encoding="UTF-8"?>
<TestRun id="e45af489-03bc-4c9c-85f4-3f240ef27862" name="computerlab@LAB227-INSTRUCT 2012-04-23 19:40:45" runUser="LAB227-INSTRUCT\computerlab" xmlns="http://microsoft.com/schemas/VisualStudio/TeamTest/2010">
  <TestSettings name="Local" id="80f8ab4c-729f-41ac-999b-41137eb9942e">
    <Description>These are default test settings for a local test run.</Description>
    <Deployment enabled="false" runDeploymentRoot="computerlab_LAB227-INSTRUCT 2012-04-23 19_40_45">
      <DeploymentItem filename="C:\PhoneEntrySolution\web\bin\web.dll" />
    </Deployment>
    <Execution>
      <TestTypeSpecific />
      <AgentRule name="Execution Agents">
      </AgentRule>
    </Execution>
  </TestSettings>
  <Times creation="2012-04-23T19:40:45.7338235-04:00" queuing="2012-04-23T19:40:45.7808262-04:00" start="2012-04-23T19:40:45.7848264-04:00" finish="2012-04-23T19:40:45.9858379-04:00" />
  <ResultSummary outcome="Completed">
    <Counters total="1" executed="1" passed="1" error="0" failed="0" timeout="0" aborted="0" inconclusive="0" passedButRunAborted="0" notRunnable="0" notExecuted="0" disconnected="0" warning="0" completed="0" inProgress="0" pending="0" />
  </ResultSummary>
  <TestDefinitions>
    <UnitTest name="UsedTypesMethodIsReturningCorrectValues" storage="c:\phoneentrysolution\phoneentrytest\bin\debug\phoneentrytest.dll" id="bf71863f-9046-a0be-0eaa-3a873160c0c2">
      <Execution id="3c43db43-cd16-41fb-83db-4656f2369ec8" />
      <TestMethod codeBase="C:/PhoneEntrySolution/PhoneEntryTest/bin/Debug/PhoneEntryTest.DLL" adapterTypeName="Microsoft.VisualStudio.TestTools.TestTypes.Unit.UnitTestAdapter, Microsoft.VisualStudio.QualityTools.Tips.UnitTest.Adapter, Version=10.0.0.0, Culture=neutral, PublicKeyToken=b03f5f7f11d50a3a" className="PhoneEntryTest.PhoneEntriesViewModelUnitTest, PhoneEntryTest, Version=1.0.0.0, Culture=neutral, PublicKeyToken=null" name="UsedTypesMethodIsReturningCorrectValues" />
    </UnitTest>
  </TestDefinitions>
  <TestLists>
    <TestList name="Results Not in a List" id="8c84fa94-04c1-424b-9868-57a2d4851a1d" />
    <TestList name="All Loaded Results" id="19431567-8539-422a-85d7-44ee4e166bda" />
  </TestLists>
  <TestEntries>
    <TestEntry testId="bf71863f-9046-a0be-0eaa-3a873160c0c2" executionId="3c43db43-cd16-41fb-83db-4656f2369ec8" testListId="8c84fa94-04c1-424b-9868-57a2d4851a1d" />
  </TestEntries>
  <Results>
    <UnitTestResult executionId="3c43db43-cd16-41fb-83db-4656f2369ec8" testId="bf71863f-9046-a0be-0eaa-3a873160c0c2" testName="UsedTypesMethodIsReturningCorrectValues" computerName="LAB227-INSTRUCT" duration="00:00:00.0511287" startTime="2012-04-23T19:40:45.7878266-04:00" endTime="2012-04-23T19:40:45.9748373-04:00" testType="13cdc9d9-ddb5-4fa4-a97d-d965ccfc6d4b" outcome="Passed" testListId="8c84fa94-04c1-424b-9868-57a2d4851a1d" relativeResultsDirectory="3c43db43-cd16-41fb-83db-4656f2369ec8">
    </UnitTestResult>
  </Results>
</TestRun>