<?xml version="1.0" encoding="UTF-8"?>
<TestRun id="15f6975c-93c5-45ce-95e3-1c62ed941ebe" name="computerlab@LAB227-PC07 2012-04-23 19:08:02" runUser="LAB227-PC07\computerlab" xmlns="http://microsoft.com/schemas/VisualStudio/TeamTest/2010">
  <TestSettings name="Local" id="ca495fc3-76e2-4f20-a487-099b87efe37e">
    <Description>These are default test settings for a local test run.</Description>
    <Deployment enabled="false" runDeploymentRoot="computerlab_LAB227-PC07 2012-04-23 19_08_02" />
    <Execution>
      <TestTypeSpecific />
      <AgentRule name="Execution Agents">
      </AgentRule>
    </Execution>
  </TestSettings>
  <Times creation="2012-04-23T19:08:02.0223390-04:00" queuing="2012-04-23T19:08:03.6344312-04:00" start="2012-04-23T19:08:03.7514379-04:00" finish="2012-04-23T19:08:04.3994749-04:00" />
  <ResultSummary outcome="Completed">
    <Counters total="1" executed="1" passed="1" error="0" failed="0" timeout="0" aborted="0" inconclusive="0" passedButRunAborted="0" notRunnable="0" notExecuted="0" disconnected="0" warning="0" completed="0" inProgress="0" pending="0" />
  </ResultSummary>
  <TestDefinitions>
    <UnitTest name="TestMethod1" storage="c:\netmvc\phoneentrysolution\phoneentrytest\bin\debug\phoneentrytest.dll" id="a59297ee-c1ed-32db-a339-cc74913a79c8">
      <Execution id="557a940c-f63b-495b-abbc-5aa4442ed7c9" />
      <TestMethod codeBase="C:/netmvc/PhoneEntrySolution/PhoneEntryTest/bin/Debug/PhoneEntryTest.DLL" adapterTypeName="Microsoft.VisualStudio.TestTools.TestTypes.Unit.UnitTestAdapter, Microsoft.VisualStudio.QualityTools.Tips.UnitTest.Adapter, Version=10.0.0.0, Culture=neutral, PublicKeyToken=b03f5f7f11d50a3a" className="PhoneEntryTest.PhoneEntriesViewModelUnitTest, PhoneEntryTest, Version=1.0.0.0, Culture=neutral, PublicKeyToken=null" name="TestMethod1" />
    </UnitTest>
  </TestDefinitions>
  <TestLists>
    <TestList name="Results Not in a List" id="8c84fa94-04c1-424b-9868-57a2d4851a1d" />
    <TestList name="All Loaded Results" id="19431567-8539-422a-85d7-44ee4e166bda" />
  </TestLists>
  <TestEntries>
    <TestEntry testId="a59297ee-c1ed-32db-a339-cc74913a79c8" executionId="557a940c-f63b-495b-abbc-5aa4442ed7c9" testListId="8c84fa94-04c1-424b-9868-57a2d4851a1d" />
  </TestEntries>
  <Results>
    <UnitTestResult executionId="557a940c-f63b-495b-abbc-5aa4442ed7c9" testId="a59297ee-c1ed-32db-a339-cc74913a79c8" testName="TestMethod1" computerName="LAB227-PC07" duration="00:00:00.0365621" startTime="2012-04-23T19:08:03.8224419-04:00" endTime="2012-04-23T19:08:04.3344712-04:00" testType="13cdc9d9-ddb5-4fa4-a97d-d965ccfc6d4b" outcome="Passed" testListId="8c84fa94-04c1-424b-9868-57a2d4851a1d" relativeResultsDirectory="557a940c-f63b-495b-abbc-5aa4442ed7c9">
    </UnitTestResult>
  </Results>
</TestRun>