<?xml version="1.0" encoding="UTF-8"?>
<TestRun id="004d1a2c-aae9-4b6f-9259-c62c561e09c9" name="computerlab@LAB227-INSTRUCT 2012-05-02 20:30:02" runUser="LAB227-INSTRUCT\computerlab" xmlns="http://microsoft.com/schemas/VisualStudio/TeamTest/2010">
  <TestSettings name="Local" id="20723483-a981-4561-bfbd-53d0e2f55521">
    <Description>These are default test settings for a local test run.</Description>
    <Deployment enabled="false" runDeploymentRoot="computerlab_LAB227-INSTRUCT 2012-05-02 20_30_02">
      <DeploymentItem filename="C:\SportsStoreSolution\packages\Ninject.3.0.0.15\lib\net40\Ninject.dll" />
      <DeploymentItem filename="C:\SportsStoreSolution\SportsStore.WebUI\bin\SportsStore.WebUI.dll" />
      <DeploymentItem filename="C:\SportsStoreSolution\packages\Moq.4.0.10827\lib\NET40\Moq.dll" />
      <DeploymentItem filename="C:\SportsStoreSolution\SportsStore.Domain\bin\Debug\SportsStore.Domain.dll" />
    </Deployment>
    <Execution>
      <TestTypeSpecific />
      <AgentRule name="Execution Agents">
      </AgentRule>
    </Execution>
  </TestSettings>
  <Times creation="2012-05-02T20:30:02.8243031-04:00" queuing="2012-05-02T20:30:02.8711031-04:00" start="2012-05-02T20:30:02.8867032-04:00" finish="2012-05-02T20:30:03.1831037-04:00" />
  <ResultSummary outcome="Completed">
    <Counters total="1" executed="1" passed="1" error="0" failed="0" timeout="0" aborted="0" inconclusive="0" passedButRunAborted="0" notRunnable="0" notExecuted="0" disconnected="0" warning="0" completed="0" inProgress="0" pending="0" />
  </ResultSummary>
  <TestDefinitions>
    <UnitTest name="Can_Paginate" storage="c:\sportsstoresolution\sportsstore.unittests\bin\debug\sportsstore.unittests.dll" id="3f2051b4-4f66-a80f-e917-12b0da9fa468">
      <Execution id="d0141e5b-04a2-4d27-a1a8-bdd192aef8ec" />
      <TestMethod codeBase="C:/SportsStoreSolution/SportsStore.UnitTests/bin/Debug/SportsStore.UnitTests.DLL" adapterTypeName="Microsoft.VisualStudio.TestTools.TestTypes.Unit.UnitTestAdapter, Microsoft.VisualStudio.QualityTools.Tips.UnitTest.Adapter, Version=10.0.0.0, Culture=neutral, PublicKeyToken=b03f5f7f11d50a3a" className="SportsStore.UnitTests.ProductControllerUnitTests, SportsStore.UnitTests, Version=1.0.0.0, Culture=neutral, PublicKeyToken=null" name="Can_Paginate" />
    </UnitTest>
  </TestDefinitions>
  <TestLists>
    <TestList name="Results Not in a List" id="8c84fa94-04c1-424b-9868-57a2d4851a1d" />
    <TestList name="All Loaded Results" id="19431567-8539-422a-85d7-44ee4e166bda" />
  </TestLists>
  <TestEntries>
    <TestEntry testId="3f2051b4-4f66-a80f-e917-12b0da9fa468" executionId="d0141e5b-04a2-4d27-a1a8-bdd192aef8ec" testListId="8c84fa94-04c1-424b-9868-57a2d4851a1d" />
  </TestEntries>
  <Results>
    <UnitTestResult executionId="d0141e5b-04a2-4d27-a1a8-bdd192aef8ec" testId="3f2051b4-4f66-a80f-e917-12b0da9fa468" testName="Can_Paginate" computerName="LAB227-INSTRUCT" duration="00:00:00.1595360" startTime="2012-05-02T20:30:02.8867032-04:00" endTime="2012-05-02T20:30:03.1831037-04:00" testType="13cdc9d9-ddb5-4fa4-a97d-d965ccfc6d4b" outcome="Passed" testListId="8c84fa94-04c1-424b-9868-57a2d4851a1d" relativeResultsDirectory="d0141e5b-04a2-4d27-a1a8-bdd192aef8ec">
    </UnitTestResult>
  </Results>
</TestRun>