<?xml version="1.0" encoding="UTF-8"?>
<TestRun id="0720248f-f862-41df-b81b-ad31f32d1ca5" name="computerlab@LAB227-INSTRUCT 2012-05-02 21:04:04" runUser="LAB227-INSTRUCT\computerlab" xmlns="http://microsoft.com/schemas/VisualStudio/TeamTest/2010">
  <TestSettings name="Local" id="20723483-a981-4561-bfbd-53d0e2f55521">
    <Description>These are default test settings for a local test run.</Description>
    <Deployment enabled="false" runDeploymentRoot="computerlab_LAB227-INSTRUCT 2012-05-02 21_04_04">
      <DeploymentItem filename="C:\SportsStoreSolution\packages\Ninject.3.0.0.15\lib\net40\Ninject.dll" />
      <DeploymentItem filename="C:\SportsStoreSolution\SportsStore.WebUI\bin\SportsStore.WebUI.dll" />
      <DeploymentItem filename="C:\SportsStoreSolution\packages\Moq.4.0.10827\lib\NET40\Moq.dll" />
      <DeploymentItem filename="C:\SportsStoreSolution\SportsStore.Domain\bin\Debug\SportsStore.Domain.dll" />
    </Deployment>
    <Execution>
      <TestTypeSpecific />
      <AgentRule name="Execution Agents">
      </AgentRule>
    </Execution>
  </TestSettings>
  <Times creation="2012-05-02T21:04:04.6763510-04:00" queuing="2012-05-02T21:04:04.7397511-04:00" start="2012-05-02T21:04:04.7397511-04:00" finish="2012-05-02T21:04:04.9737516-04:00" />
  <ResultSummary outcome="Failed">
    <Counters total="1" executed="1" error="0" failed="1" timeout="0" aborted="0" inconclusive="0" passedButRunAborted="0" notRunnable="0" notExecuted="0" disconnected="0" warning="0" passed="0" completed="0" inProgress="0" pending="0" />
  </ResultSummary>
  <TestDefinitions>
    <UnitTest name="Can_Create_Page_Links" storage="c:\sportsstoresolution\sportsstore.unittests\bin\debug\sportsstore.unittests.dll" id="fc1ae01c-bd26-b218-fbb2-7ed91e795924">
      <Execution id="24e4cd5b-e811-4125-8e29-dcc19306b657" />
      <TestMethod codeBase="C:/SportsStoreSolution/SportsStore.UnitTests/bin/Debug/SportsStore.UnitTests.DLL" adapterTypeName="Microsoft.VisualStudio.TestTools.TestTypes.Unit.UnitTestAdapter, Microsoft.VisualStudio.QualityTools.Tips.UnitTest.Adapter, Version=10.0.0.0, Culture=neutral, PublicKeyToken=b03f5f7f11d50a3a" className="SportsStore.UnitTests.ProductControllerUnitTests, SportsStore.UnitTests, Version=1.0.0.0, Culture=neutral, PublicKeyToken=null" name="Can_Create_Page_Links" />
    </UnitTest>
  </TestDefinitions>
  <TestLists>
    <TestList name="Results Not in a List" id="8c84fa94-04c1-424b-9868-57a2d4851a1d" />
    <TestList name="All Loaded Results" id="19431567-8539-422a-85d7-44ee4e166bda" />
  </TestLists>
  <TestEntries>
    <TestEntry testId="fc1ae01c-bd26-b218-fbb2-7ed91e795924" executionId="24e4cd5b-e811-4125-8e29-dcc19306b657" testListId="8c84fa94-04c1-424b-9868-57a2d4851a1d" />
  </TestEntries>
  <Results>
    <UnitTestResult executionId="24e4cd5b-e811-4125-8e29-dcc19306b657" testId="fc1ae01c-bd26-b218-fbb2-7ed91e795924" testName="Can_Create_Page_Links" computerName="LAB227-INSTRUCT" duration="00:00:00.0369282" startTime="2012-05-02T21:04:04.7553512-04:00" endTime="2012-05-02T21:04:04.9581515-04:00" testType="13cdc9d9-ddb5-4fa4-a97d-d965ccfc6d4b" outcome="Failed" testListId="8c84fa94-04c1-424b-9868-57a2d4851a1d" relativeResultsDirectory="24e4cd5b-e811-4125-8e29-dcc19306b657">
      <Output>
        <ErrorInfo>
          <Message>Assert.AreEqual failed. Expected:&lt;&lt;a href="Page1"&gt;1&lt;/a&gt;&lt;a class="selected" href="Page2"&gt;2&lt;/a&gt;&lt;a href="Page3"&gt;3&lt;/a&gt;&gt;. Actual:&lt;&lt;a href="Page1"&gt;1&lt;/a&gt;&lt;a class="selected" href="Page2"&gt;2&lt;/a&gt;&gt;. </Message>
          <StackTrace>   at SportsStore.UnitTests.ProductControllerUnitTests.Can_Create_Page_Links() in C:\SportsStoreSolution\SportsStore.UnitTests\ProductControllerUnitTests.cs:line 59
</StackTrace>
        </ErrorInfo>
      </Output>
    </UnitTestResult>
  </Results>
</TestRun>