<?xml version="1.0" encoding="UTF-8"?>
<TestRun id="5d59dd95-9120-42f2-bebb-5d41065420ef" name="computerlab@LAB227-INSTRUCT 2012-05-02 20:29:16" runUser="LAB227-INSTRUCT\computerlab" xmlns="http://microsoft.com/schemas/VisualStudio/TeamTest/2010">
  <TestSettings name="Local" id="20723483-a981-4561-bfbd-53d0e2f55521">
    <Description>These are default test settings for a local test run.</Description>
    <Deployment enabled="false" runDeploymentRoot="computerlab_LAB227-INSTRUCT 2012-05-02 20_29_16">
      <DeploymentItem filename="C:\SportsStoreSolution\packages\Ninject.3.0.0.15\lib\net40\Ninject.dll" />
      <DeploymentItem filename="C:\SportsStoreSolution\SportsStore.WebUI\bin\SportsStore.WebUI.dll" />
      <DeploymentItem filename="C:\SportsStoreSolution\packages\Moq.4.0.10827\lib\NET40\Moq.dll" />
      <DeploymentItem filename="C:\SportsStoreSolution\SportsStore.Domain\bin\Debug\SportsStore.Domain.dll" />
    </Deployment>
    <Execution>
      <TestTypeSpecific />
      <AgentRule name="Execution Agents">
      </AgentRule>
    </Execution>
  </TestSettings>
  <Times creation="2012-05-02T20:29:16.0613341-04:00" queuing="2012-05-02T20:29:16.1103369-04:00" start="2012-05-02T20:29:16.1153372-04:00" finish="2012-05-02T20:29:16.4275447-04:00" />
  <ResultSummary outcome="Failed">
    <Counters total="1" executed="1" error="0" failed="1" timeout="0" aborted="0" inconclusive="0" passedButRunAborted="0" notRunnable="0" notExecuted="0" disconnected="0" warning="0" passed="0" completed="0" inProgress="0" pending="0" />
  </ResultSummary>
  <TestDefinitions>
    <UnitTest name="Can_Paginate" storage="c:\sportsstoresolution\sportsstore.unittests\bin\debug\sportsstore.unittests.dll" id="3f2051b4-4f66-a80f-e917-12b0da9fa468">
      <Execution id="67305e9d-7d4e-4400-b3b6-1606b59d1e6c" />
      <TestMethod codeBase="C:/SportsStoreSolution/SportsStore.UnitTests/bin/Debug/SportsStore.UnitTests.DLL" adapterTypeName="Microsoft.VisualStudio.TestTools.TestTypes.Unit.UnitTestAdapter, Microsoft.VisualStudio.QualityTools.Tips.UnitTest.Adapter, Version=10.0.0.0, Culture=neutral, PublicKeyToken=b03f5f7f11d50a3a" className="SportsStore.UnitTests.ProductControllerUnitTests, SportsStore.UnitTests, Version=1.0.0.0, Culture=neutral, PublicKeyToken=null" name="Can_Paginate" />
    </UnitTest>
  </TestDefinitions>
  <TestLists>
    <TestList name="Results Not in a List" id="8c84fa94-04c1-424b-9868-57a2d4851a1d" />
    <TestList name="All Loaded Results" id="19431567-8539-422a-85d7-44ee4e166bda" />
  </TestLists>
  <TestEntries>
    <TestEntry testId="3f2051b4-4f66-a80f-e917-12b0da9fa468" executionId="67305e9d-7d4e-4400-b3b6-1606b59d1e6c" testListId="8c84fa94-04c1-424b-9868-57a2d4851a1d" />
  </TestEntries>
  <Results>
    <UnitTestResult executionId="67305e9d-7d4e-4400-b3b6-1606b59d1e6c" testId="3f2051b4-4f66-a80f-e917-12b0da9fa468" testName="Can_Paginate" computerName="LAB227-INSTRUCT" duration="00:00:00.1661221" startTime="2012-05-02T20:29:16.1183374-04:00" endTime="2012-05-02T20:29:16.4275447-04:00" testType="13cdc9d9-ddb5-4fa4-a97d-d965ccfc6d4b" outcome="Failed" testListId="8c84fa94-04c1-424b-9868-57a2d4851a1d" relativeResultsDirectory="67305e9d-7d4e-4400-b3b6-1606b59d1e6c">
      <Output>
        <ErrorInfo>
          <Message>Assert.AreEqual failed. Expected:&lt;1&gt;. Actual:&lt;0&gt;. </Message>
          <StackTrace>   at SportsStore.UnitTests.ProductControllerUnitTests.Can_Paginate() in C:\SportsStoreSolution\SportsStore.UnitTests\ProductControllerUnitTests.cs:line 35
</StackTrace>
        </ErrorInfo>
      </Output>
    </UnitTestResult>
  </Results>
</TestRun>